h:\surface\prog\ggchessgui\x64\release\aboutdialog.obj
h:\surface\prog\ggchessgui\x64\release\analysisdialog.obj
h:\surface\prog\ggchessgui\x64\release\asprotect.obj
h:\surface\prog\ggchessgui\x64\release\backend.obj
h:\surface\prog\ggchessgui\x64\release\backend_ok.obj
h:\surface\prog\ggchessgui\x64\release\berkeley.obj
h:\surface\prog\ggchessgui\x64\release\bk_book.obj
h:\surface\prog\ggchessgui\x64\release\boarddisplay.obj
h:\surface\prog\ggchessgui\x64\release\book_common.obj
h:\surface\prog\ggchessgui\x64\release\captureface.obj
h:\surface\prog\ggchessgui\x64\release\com_util.obj
h:\surface\prog\ggchessgui\x64\release\console.obj
h:\surface\prog\ggchessgui\x64\release\data.obj
h:\surface\prog\ggchessgui\x64\release\dialog_common.obj
h:\surface\prog\ggchessgui\x64\release\dispcommon.obj
h:\surface\prog\ggchessgui\x64\release\dis_data.obj
h:\surface\prog\ggchessgui\x64\release\dlg_ics_count_set.obj
h:\surface\prog\ggchessgui\x64\release\dlg_log_display.obj
h:\surface\prog\ggchessgui\x64\release\doard_display.obj
h:\surface\prog\ggchessgui\x64\release\errordialog.obj
h:\surface\prog\ggchessgui\x64\release\eventfunction.obj
h:\surface\prog\ggchessgui\x64\release\exportalltoubb.obj
h:\surface\prog\ggchessgui\x64\release\feature.obj
h:\surface\prog\ggchessgui\x64\release\feedmovetoprogram.obj
h:\surface\prog\ggchessgui\x64\release\filewr.obj
h:\surface\prog\ggchessgui\x64\release\findonlyface.obj
h:\surface\prog\ggchessgui\x64\release\gameends.obj
h:\surface\prog\ggchessgui\x64\release\gamelist.obj
h:\surface\prog\ggchessgui\x64\release\gamemode.obj
h:\surface\prog\ggchessgui\x64\release\gameother.obj
h:\surface\prog\ggchessgui\x64\release\gamereset.obj
h:\surface\prog\ggchessgui\x64\release\getnextchar.obj
h:\surface\prog\ggchessgui\x64\release\handlemachinemove.obj
h:\surface\prog\ggchessgui\x64\release\handlemachineqb.obj
h:\surface\prog\ggchessgui\x64\release\handlemachineqh.obj
h:\surface\prog\ggchessgui\x64\release\handletableicsmessage.obj
h:\surface\prog\ggchessgui\x64\release\hdc_function.obj
h:\surface\prog\ggchessgui\x64\release\ics_board_list.obj
h:\surface\prog\ggchessgui\x64\release\ics_common.obj
h:\surface\prog\ggchessgui\x64\release\init.obj
h:\surface\prog\ggchessgui\x64\release\initbackend1.obj
h:\surface\prog\ggchessgui\x64\release\initbackend2.obj
h:\surface\prog\ggchessgui\x64\release\initbackend3.obj
h:\surface\prog\ggchessgui\x64\release\initchessprogram.obj
h:\surface\prog\ggchessgui\x64\release\isfourtypechesscapture.obj
h:\surface\prog\ggchessgui\x64\release\istruecap_bydirect.obj
h:\surface\prog\ggchessgui\x64\release\is_can_move.obj
h:\surface\prog\ggchessgui\x64\release\is_protect.obj
h:\surface\prog\ggchessgui\x64\release\is_true_cap.obj
h:\surface\prog\ggchessgui\x64\release\loadgame.obj
h:\surface\prog\ggchessgui\x64\release\loadgamedialog.obj
h:\surface\prog\ggchessgui\x64\release\mailgame.obj
h:\surface\prog\ggchessgui\x64\release\mersenne.obj
h:\surface\prog\ggchessgui\x64\release\mouseevent.obj
h:\surface\prog\ggchessgui\x64\release\moves.obj
h:\surface\prog\ggchessgui\x64\release\move_evasion.obj
h:\surface\prog\ggchessgui\x64\release\move_gen.obj
h:\surface\prog\ggchessgui\x64\release\mxqtosqlite.obj
h:\surface\prog\ggchessgui\x64\release\mysql_chess.obj
h:\surface\prog\ggchessgui\x64\release\mysql_web_chess.obj
h:\surface\prog\ggchessgui\x64\release\nextmatchgame.obj
h:\surface\prog\ggchessgui\x64\release\obsboard.obj
h:\surface\prog\ggchessgui\x64\release\openfiledialog.obj
h:\surface\prog\ggchessgui\x64\release\parasedispmovetoucci.obj
h:\surface\prog\ggchessgui\x64\release\parseonemove.obj
h:\surface\prog\ggchessgui\x64\release\pgntosqlite.obj
h:\surface\prog\ggchessgui\x64\release\position.obj
h:\surface\prog\ggchessgui\x64\release\pregen.obj
h:\surface\prog\ggchessgui\x64\release\questiondialog.obj
h:\surface\prog\ggchessgui\x64\release\read_from_ics_mxq_cn140.obj
h:\surface\prog\ggchessgui\x64\release\read_from_ics_mxq_cn183.obj
h:\surface\prog\ggchessgui\x64\release\read_from_ics_mxq_en140.obj
h:\surface\prog\ggchessgui\x64\release\read_from_ics_mxq_en183.obj
h:\surface\prog\ggchessgui\x64\release\receivefromprogram.obj
h:\surface\prog\ggchessgui\x64\release\repeat.obj
h:\surface\prog\ggchessgui\x64\release\resurrectchessprogram.obj
h:\surface\prog\ggchessgui\x64\release\savegame.obj
h:\surface\prog\ggchessgui\x64\release\see_draw_20081016.obj
h:\surface\prog\ggchessgui\x64\release\see_draw_old.obj
h:\surface\prog\ggchessgui\x64\release\see_move_new.obj
h:\surface\prog\ggchessgui\x64\release\see_move_old.obj
h:\surface\prog\ggchessgui\x64\release\sendboard.obj
h:\surface\prog\ggchessgui\x64\release\sendcontrolparametertocps.obj
h:\surface\prog\ggchessgui\x64\release\sendmovetoprogram.obj
h:\surface\prog\ggchessgui\x64\release\sendtimecontrol.obj
h:\surface\prog\ggchessgui\x64\release\sendtimeremaining.obj
h:\surface\prog\ggchessgui\x64\release\sendtoprogram.obj
h:\surface\prog\ggchessgui\x64\release\setgameinfo.obj
h:\surface\prog\ggchessgui\x64\release\sqlitecommon.obj
h:\surface\prog\ggchessgui\x64\release\sqlitesettingdata.obj
h:\surface\prog\ggchessgui\x64\release\sqlsavegame.obj
h:\surface\prog\ggchessgui\x64\release\startchessprogram.obj
h:\surface\prog\ggchessgui\x64\release\startupdialog.obj
h:\surface\prog\ggchessgui\x64\release\stdafx.obj
h:\surface\prog\ggchessgui\x64\release\steplist_dialog.obj
h:\surface\prog\ggchessgui\x64\release\stringfunction.obj
h:\surface\prog\ggchessgui\x64\release\timedisplay_dialog.obj
h:\surface\prog\ggchessgui\x64\release\typeinmove_dialog.obj
h:\surface\prog\ggchessgui\x64\release\woptions.obj
h:\surface\prog\ggchessgui\x64\release\xqltosqlite.obj
h:\surface\prog\ggchessgui\x64\release\yinqincommon.obj
h:\surface\prog\ggchessgui\x64\release\zobrist.obj
h:\surface\prog\ggchessgui\x64\release\主程序.obj
h:\surface\prog\ggchessgui\x64\release\佳佳引擎.obj
h:\surface\prog\ggchessgui\x64\release\保存窗口.obj
h:\surface\prog\ggchessgui\x64\release\保存窗口1.obj
h:\surface\prog\ggchessgui\x64\release\剪贴板.obj
h:\surface\prog\ggchessgui\x64\release\奇兵引擎.obj
h:\surface\prog\ggchessgui\x64\release\字体.obj
h:\surface\prog\ggchessgui\x64\release\导出棋库棋局.obj
h:\surface\prog\ggchessgui\x64\release\工具条.obj
h:\surface\prog\ggchessgui\x64\release\引擎事件.obj
h:\surface\prog\ggchessgui\x64\release\引擎分析.obj
h:\surface\prog\ggchessgui\x64\release\引擎设置.obj
h:\surface\prog\ggchessgui\x64\release\旋风105.obj
h:\surface\prog\ggchessgui\x64\release\日志窗口.obj
h:\surface\prog\ggchessgui\x64\release\时间.obj
h:\surface\prog\ggchessgui\x64\release\棋库窗口.obj
h:\surface\prog\ggchessgui\x64\release\状态栏.obj
h:\surface\prog\ggchessgui\x64\release\自动学习.obj
h:\surface\prog\ggchessgui\x64\release\自动用引擎校验局面.obj
h:\surface\prog\ggchessgui\x64\release\菜单.obj
h:\surface\prog\ggchessgui\x64\release\让引擎思考.obj
h:\surface\prog\ggchessgui\x64\release\让引擎进入后台.obj
h:\surface\prog\ggchessgui\x64\release\象眼引擎.obj
h:\surface\prog\ggchessgui\x64\release\ggchess.res
h:\surface\prog\ggchessgui\x64\release\ggchess.pdb
h:\surface\prog\ggchessgui\x64\release\vc141.pdb
h:\surface\prog\ggchessgui\x64\release\ggchess.exe
