  AboutDialog.cpp
  AnalysisDialog.cpp
  asprotect.cpp
  backend.cpp
  backend_ok.cpp
  BerKeley.cpp
  bk_book.cpp
  BoardDisplay.cpp
  book_common.cpp
  captureFace.cpp
  com_util.cpp
  Console.cpp
  data.cpp
  Dialog_Common.cpp
  DispCommon.cpp
  dis_data.cpp
  Dlg_ICS_Count_Set.cpp
  DLG_LOG_DISPLAY.cpp
  Doard_Display.cpp
  ErrorDialog.cpp
  EventFunction.cpp
  ExportAllToUbb.cpp
  Feature.cpp
  FeedMoveToProgram.cpp
  FileWR.cpp
  FindOnlyFace.cpp
  GameEnds.cpp
  gamelist.cpp
  GameMode.cpp
  GameOther.cpp
  GameReset.cpp
  GetNextChar.cpp
  HandleMachineMove.cpp
  HandleMachineQB.cpp
  HandleMachineQH.cpp
  HandleTableIcsMessage.cpp
  HDC_Function.cpp
  ICS_Board_List.cpp
  ICS_Common.cpp
  Init.cpp
  InitBackEnd1.cpp
  InitBackEnd2.cpp
  InitBackEnd3.cpp
  InitChessProgram.cpp
  isFourTypeChessCapture.cpp
  isTrueCap_ByDirect.cpp
  Is_Can_Move.cpp
  Is_Protect.cpp
  Is_True_Cap.cpp
  LoadGame.cpp
  LoadGameDialog.cpp
  MailGame.cpp
  mersenne.cpp
  MouseEvent.cpp
  moves.cpp
  move_evasion.cpp
  move_gen.cpp
  MxqToSqlite.cpp
  mysql_chess.cpp
  mysql_WEB_chess.cpp
  NextMatchGame.cpp
  ObsBoard.cpp
  OpenFileDialog.cpp
  ParaseDispMoveToUCCI.cpp
