h:\prog\ggchessgui\debug\feature.obj
h:\prog\ggchessgui\debug\hdc_function.obj
h:\prog\ggchessgui\debug\read_from_ics_mxq_en140.obj
h:\prog\ggchessgui\debug\主程序.obj
h:\prog\ggchessgui\debug\boarddisplay.obj
h:\prog\ggchessgui\debug\istruecap_bydirect.obj
h:\prog\ggchessgui\debug\see_move_old.obj
h:\prog\ggchessgui\debug\旋风105.obj
h:\prog\ggchessgui\debug\gamelist.obj
h:\prog\ggchessgui\debug\isfourtypechesscapture.obj
h:\prog\ggchessgui\debug\savegame.obj
h:\prog\ggchessgui\debug\导出棋库棋局.obj
h:\prog\ggchessgui\debug\eventfunction.obj
h:\prog\ggchessgui\debug\is_can_move.obj
h:\prog\ggchessgui\debug\repeat.obj
h:\prog\ggchessgui\debug\保存窗口.obj
h:\prog\ggchessgui\debug\backend_ok.obj
h:\prog\ggchessgui\debug\initchessprogram.obj
h:\prog\ggchessgui\debug\receivefromprogram.obj
h:\prog\ggchessgui\debug\剪贴板.obj
h:\prog\ggchessgui\debug\exportalltoubb.obj
h:\prog\ggchessgui\debug\initbackend3.obj
h:\prog\ggchessgui\debug\see_draw_20081016.obj
h:\prog\ggchessgui\debug\引擎事件.obj
h:\prog\ggchessgui\debug\data.obj
h:\prog\ggchessgui\debug\loadgamedialog.obj
h:\prog\ggchessgui\debug\sendboard.obj
h:\prog\ggchessgui\debug\日志窗口.obj
h:\prog\ggchessgui\debug\dlg_ics_count_set.obj
h:\prog\ggchessgui\debug\ics_board_list.obj
h:\prog\ggchessgui\debug\parseonemove.obj
h:\prog\ggchessgui\debug\xqltosqlite.obj
h:\prog\ggchessgui\debug\filewr.obj
h:\prog\ggchessgui\debug\init.obj
h:\prog\ggchessgui\debug\read_from_ics_mxq_cn140.obj
h:\prog\ggchessgui\debug\zobrist.obj
h:\prog\ggchessgui\debug\analysisdialog.obj
h:\prog\ggchessgui\debug\mersenne.obj
h:\prog\ggchessgui\debug\sendtoprogram.obj
h:\prog\ggchessgui\debug\状态栏.obj
h:\prog\ggchessgui\debug\console.obj
h:\prog\ggchessgui\debug\move_gen.obj
h:\prog\ggchessgui\debug\sqlsavegame.obj
h:\prog\ggchessgui\debug\菜单.obj
h:\prog\ggchessgui\debug\bk_book.obj
h:\prog\ggchessgui\debug\nextmatchgame.obj
h:\prog\ggchessgui\debug\startupdialog.obj
h:\prog\ggchessgui\debug\captureface.obj
h:\prog\ggchessgui\debug\mxqtosqlite.obj
h:\prog\ggchessgui\debug\sendmovetoprogram.obj
h:\prog\ggchessgui\debug\引擎分析.obj
h:\prog\ggchessgui\debug\asprotect.obj
h:\prog\ggchessgui\debug\is_protect.obj
h:\prog\ggchessgui\debug\see_move_new.obj
h:\prog\ggchessgui\debug\工具条.obj
h:\prog\ggchessgui\debug\berkeley.obj
h:\prog\ggchessgui\debug\mailgame.obj
h:\prog\ggchessgui\debug\see_draw_old.obj
h:\prog\ggchessgui\debug\字体.obj
h:\prog\ggchessgui\debug\dis_data.obj
h:\prog\ggchessgui\debug\obsboard.obj
h:\prog\ggchessgui\debug\stdafx.obj
h:\prog\ggchessgui\debug\象眼引擎.obj
h:\prog\ggchessgui\debug\aboutdialog.obj
h:\prog\ggchessgui\debug\handlemachineqh.obj
h:\prog\ggchessgui\debug\pgntosqlite.obj
h:\prog\ggchessgui\debug\woptions.obj
h:\prog\ggchessgui\debug\dispcommon.obj
h:\prog\ggchessgui\debug\is_true_cap.obj
h:\prog\ggchessgui\debug\sendcontrolparametertocps.obj
h:\prog\ggchessgui\debug\时间.obj
h:\prog\ggchessgui\debug\errordialog.obj
h:\prog\ggchessgui\debug\initbackend1.obj
h:\prog\ggchessgui\debug\read_from_ics_mxq_cn183.obj
h:\prog\ggchessgui\debug\保存窗口1.obj
h:\prog\ggchessgui\debug\com_util.obj
h:\prog\ggchessgui\debug\parasedispmovetoucci.obj
h:\prog\ggchessgui\debug\stringfunction.obj
h:\prog\ggchessgui\debug\dlg_log_display.obj
h:\prog\ggchessgui\debug\mysql_web_chess.obj
h:\prog\ggchessgui\debug\startchessprogram.obj
h:\prog\ggchessgui\debug\让引擎进入后台.obj
h:\prog\ggchessgui\debug\book_common.obj
h:\prog\ggchessgui\debug\loadgame.obj
h:\prog\ggchessgui\debug\sendtimecontrol.obj
h:\prog\ggchessgui\debug\棋库窗口.obj
h:\prog\ggchessgui\debug\backend.obj
h:\prog\ggchessgui\debug\mysql_chess.obj
h:\prog\ggchessgui\debug\sendtimeremaining.obj
h:\prog\ggchessgui\debug\引擎设置.obj
h:\prog\ggchessgui\debug\findonlyface.obj
h:\prog\ggchessgui\debug\handlemachineqb.obj
h:\prog\ggchessgui\debug\pregen.obj
h:\prog\ggchessgui\debug\timedisplay_dialog.obj
h:\prog\ggchessgui\debug\getnextchar.obj
h:\prog\ggchessgui\debug\handlemachinemove.obj
h:\prog\ggchessgui\debug\questiondialog.obj
h:\prog\ggchessgui\debug\yinqincommon.obj
h:\prog\ggchessgui\debug\gameother.obj
h:\prog\ggchessgui\debug\ics_common.obj
h:\prog\ggchessgui\debug\resurrectchessprogram.obj
h:\prog\ggchessgui\debug\奇兵引擎.obj
h:\prog\ggchessgui\debug\gamereset.obj
h:\prog\ggchessgui\debug\handletableicsmessage.obj
h:\prog\ggchessgui\debug\position.obj
h:\prog\ggchessgui\debug\typeinmove_dialog.obj
h:\prog\ggchessgui\debug\feedmovetoprogram.obj
h:\prog\ggchessgui\debug\openfiledialog.obj
h:\prog\ggchessgui\debug\steplist_dialog.obj
h:\prog\ggchessgui\debug\gameends.obj
h:\prog\ggchessgui\debug\mouseevent.obj
h:\prog\ggchessgui\debug\setgameinfo.obj
h:\prog\ggchessgui\debug\自动学习.obj
h:\prog\ggchessgui\debug\dialog_common.obj
h:\prog\ggchessgui\debug\move_evasion.obj
h:\prog\ggchessgui\debug\sqlitecommon.obj
h:\prog\ggchessgui\debug\自动用引擎校验局面.obj
h:\prog\ggchessgui\debug\doard_display.obj
h:\prog\ggchessgui\debug\initbackend2.obj
h:\prog\ggchessgui\debug\read_from_ics_mxq_en183.obj
h:\prog\ggchessgui\debug\佳佳引擎.obj
h:\prog\ggchessgui\debug\gamemode.obj
h:\prog\ggchessgui\debug\moves.obj
h:\prog\ggchessgui\debug\sqlitesettingdata.obj
h:\prog\ggchessgui\debug\让引擎思考.obj
h:\prog\ggchessgui\debug\vc141.pdb
h:\prog\ggchessgui\debug\ggchess.res
h:\prog\ggchessgui\debug\ggchess.pdb
h:\prog\ggchessgui\debug\ggchess.tlog\cl.command.1.tlog
h:\prog\ggchessgui\debug\ggchess.tlog\cl.read.1.tlog
h:\prog\ggchessgui\debug\ggchess.tlog\cl.write.1.tlog
h:\prog\ggchessgui\debug\ggchess.tlog\link-cvtres.read.1.tlog
h:\prog\ggchessgui\debug\ggchess.tlog\link-cvtres.write.1.tlog
h:\prog\ggchessgui\debug\ggchess.tlog\link-mt.read.1.tlog
h:\prog\ggchessgui\debug\ggchess.tlog\link-mt.write.1.tlog
h:\prog\ggchessgui\debug\ggchess.tlog\link-rc.read.1.tlog
h:\prog\ggchessgui\debug\ggchess.tlog\link-rc.write.1.tlog
h:\prog\ggchessgui\debug\ggchess.tlog\link.command.1.tlog
h:\prog\ggchessgui\debug\ggchess.tlog\link.read.1.tlog
h:\prog\ggchessgui\debug\ggchess.tlog\link.write.1.tlog
h:\prog\ggchessgui\debug\ggchess.tlog\rc.command.1.tlog
h:\prog\ggchessgui\debug\ggchess.tlog\rc.read.1.tlog
h:\prog\ggchessgui\debug\ggchess.tlog\rc.write.1.tlog
