h:\surface\prog\ggchessgui\x64\debug\aboutdialog.obj
h:\surface\prog\ggchessgui\x64\debug\analysisdialog.obj
h:\surface\prog\ggchessgui\x64\debug\asprotect.obj
h:\surface\prog\ggchessgui\x64\debug\backend.obj
h:\surface\prog\ggchessgui\x64\debug\backend_ok.obj
h:\surface\prog\ggchessgui\x64\debug\berkeley.obj
h:\surface\prog\ggchessgui\x64\debug\bk_book.obj
h:\surface\prog\ggchessgui\x64\debug\boarddisplay.obj
h:\surface\prog\ggchessgui\x64\debug\book_common.obj
h:\surface\prog\ggchessgui\x64\debug\captureface.obj
h:\surface\prog\ggchessgui\x64\debug\com_util.obj
h:\surface\prog\ggchessgui\x64\debug\console.obj
h:\surface\prog\ggchessgui\x64\debug\data.obj
h:\surface\prog\ggchessgui\x64\debug\dialog_common.obj
h:\surface\prog\ggchessgui\x64\debug\dispcommon.obj
h:\surface\prog\ggchessgui\x64\debug\dis_data.obj
h:\surface\prog\ggchessgui\x64\debug\dlg_ics_count_set.obj
h:\surface\prog\ggchessgui\x64\debug\dlg_log_display.obj
h:\surface\prog\ggchessgui\x64\debug\doard_display.obj
h:\surface\prog\ggchessgui\x64\debug\errordialog.obj
h:\surface\prog\ggchessgui\x64\debug\eventfunction.obj
h:\surface\prog\ggchessgui\x64\debug\exportalltoubb.obj
h:\surface\prog\ggchessgui\x64\debug\feature.obj
h:\surface\prog\ggchessgui\x64\debug\feedmovetoprogram.obj
h:\surface\prog\ggchessgui\x64\debug\filewr.obj
h:\surface\prog\ggchessgui\x64\debug\findonlyface.obj
h:\surface\prog\ggchessgui\x64\debug\gameends.obj
h:\surface\prog\ggchessgui\x64\debug\gamelist.obj
h:\surface\prog\ggchessgui\x64\debug\gamemode.obj
h:\surface\prog\ggchessgui\x64\debug\gameother.obj
h:\surface\prog\ggchessgui\x64\debug\gamereset.obj
h:\surface\prog\ggchessgui\x64\debug\getnextchar.obj
h:\surface\prog\ggchessgui\x64\debug\handlemachinemove.obj
h:\surface\prog\ggchessgui\x64\debug\handlemachineqb.obj
h:\surface\prog\ggchessgui\x64\debug\handlemachineqh.obj
h:\surface\prog\ggchessgui\x64\debug\handletableicsmessage.obj
h:\surface\prog\ggchessgui\x64\debug\hdc_function.obj
h:\surface\prog\ggchessgui\x64\debug\ics_board_list.obj
h:\surface\prog\ggchessgui\x64\debug\ics_common.obj
h:\surface\prog\ggchessgui\x64\debug\init.obj
h:\surface\prog\ggchessgui\x64\debug\initbackend1.obj
h:\surface\prog\ggchessgui\x64\debug\initbackend2.obj
h:\surface\prog\ggchessgui\x64\debug\initbackend3.obj
h:\surface\prog\ggchessgui\x64\debug\initchessprogram.obj
h:\surface\prog\ggchessgui\x64\debug\isfourtypechesscapture.obj
h:\surface\prog\ggchessgui\x64\debug\istruecap_bydirect.obj
h:\surface\prog\ggchessgui\x64\debug\is_can_move.obj
h:\surface\prog\ggchessgui\x64\debug\is_protect.obj
h:\surface\prog\ggchessgui\x64\debug\is_true_cap.obj
h:\surface\prog\ggchessgui\x64\debug\loadgame.obj
h:\surface\prog\ggchessgui\x64\debug\loadgamedialog.obj
h:\surface\prog\ggchessgui\x64\debug\mailgame.obj
h:\surface\prog\ggchessgui\x64\debug\mersenne.obj
h:\surface\prog\ggchessgui\x64\debug\mouseevent.obj
h:\surface\prog\ggchessgui\x64\debug\moves.obj
h:\surface\prog\ggchessgui\x64\debug\move_evasion.obj
h:\surface\prog\ggchessgui\x64\debug\move_gen.obj
h:\surface\prog\ggchessgui\x64\debug\mxqtosqlite.obj
h:\surface\prog\ggchessgui\x64\debug\mysql_chess.obj
h:\surface\prog\ggchessgui\x64\debug\mysql_web_chess.obj
h:\surface\prog\ggchessgui\x64\debug\nextmatchgame.obj
h:\surface\prog\ggchessgui\x64\debug\obsboard.obj
h:\surface\prog\ggchessgui\x64\debug\openfiledialog.obj
h:\surface\prog\ggchessgui\x64\debug\parasedispmovetoucci.obj
h:\surface\prog\ggchessgui\x64\debug\parseonemove.obj
h:\surface\prog\ggchessgui\x64\debug\pgntosqlite.obj
h:\surface\prog\ggchessgui\x64\debug\position.obj
h:\surface\prog\ggchessgui\x64\debug\pregen.obj
h:\surface\prog\ggchessgui\x64\debug\questiondialog.obj
h:\surface\prog\ggchessgui\x64\debug\read_from_ics_mxq_cn140.obj
h:\surface\prog\ggchessgui\x64\debug\read_from_ics_mxq_cn183.obj
h:\surface\prog\ggchessgui\x64\debug\read_from_ics_mxq_en140.obj
h:\surface\prog\ggchessgui\x64\debug\read_from_ics_mxq_en183.obj
h:\surface\prog\ggchessgui\x64\debug\receivefromprogram.obj
h:\surface\prog\ggchessgui\x64\debug\repeat.obj
h:\surface\prog\ggchessgui\x64\debug\resurrectchessprogram.obj
h:\surface\prog\ggchessgui\x64\debug\savegame.obj
h:\surface\prog\ggchessgui\x64\debug\see_draw_20081016.obj
h:\surface\prog\ggchessgui\x64\debug\see_draw_old.obj
h:\surface\prog\ggchessgui\x64\debug\see_move_new.obj
h:\surface\prog\ggchessgui\x64\debug\see_move_old.obj
h:\surface\prog\ggchessgui\x64\debug\sendboard.obj
h:\surface\prog\ggchessgui\x64\debug\sendcontrolparametertocps.obj
h:\surface\prog\ggchessgui\x64\debug\sendmovetoprogram.obj
h:\surface\prog\ggchessgui\x64\debug\sendtimecontrol.obj
h:\surface\prog\ggchessgui\x64\debug\sendtimeremaining.obj
h:\surface\prog\ggchessgui\x64\debug\sendtoprogram.obj
h:\surface\prog\ggchessgui\x64\debug\setgameinfo.obj
h:\surface\prog\ggchessgui\x64\debug\sqlitecommon.obj
h:\surface\prog\ggchessgui\x64\debug\sqlitesettingdata.obj
h:\surface\prog\ggchessgui\x64\debug\sqlsavegame.obj
h:\surface\prog\ggchessgui\x64\debug\startchessprogram.obj
h:\surface\prog\ggchessgui\x64\debug\startupdialog.obj
h:\surface\prog\ggchessgui\x64\debug\stdafx.obj
h:\surface\prog\ggchessgui\x64\debug\steplist_dialog.obj
h:\surface\prog\ggchessgui\x64\debug\stringfunction.obj
h:\surface\prog\ggchessgui\x64\debug\timedisplay_dialog.obj
h:\surface\prog\ggchessgui\x64\debug\typeinmove_dialog.obj
h:\surface\prog\ggchessgui\x64\debug\woptions.obj
h:\surface\prog\ggchessgui\x64\debug\xqltosqlite.obj
h:\surface\prog\ggchessgui\x64\debug\yinqincommon.obj
h:\surface\prog\ggchessgui\x64\debug\zobrist.obj
h:\surface\prog\ggchessgui\x64\debug\主程序.obj
h:\surface\prog\ggchessgui\x64\debug\佳佳引擎.obj
h:\surface\prog\ggchessgui\x64\debug\保存窗口.obj
h:\surface\prog\ggchessgui\x64\debug\保存窗口1.obj
h:\surface\prog\ggchessgui\x64\debug\剪贴板.obj
h:\surface\prog\ggchessgui\x64\debug\奇兵引擎.obj
h:\surface\prog\ggchessgui\x64\debug\字体.obj
h:\surface\prog\ggchessgui\x64\debug\导出棋库棋局.obj
h:\surface\prog\ggchessgui\x64\debug\工具条.obj
h:\surface\prog\ggchessgui\x64\debug\引擎事件.obj
h:\surface\prog\ggchessgui\x64\debug\引擎分析.obj
h:\surface\prog\ggchessgui\x64\debug\引擎设置.obj
h:\surface\prog\ggchessgui\x64\debug\旋风105.obj
h:\surface\prog\ggchessgui\x64\debug\日志窗口.obj
h:\surface\prog\ggchessgui\x64\debug\时间.obj
h:\surface\prog\ggchessgui\x64\debug\棋库窗口.obj
h:\surface\prog\ggchessgui\x64\debug\状态栏.obj
h:\surface\prog\ggchessgui\x64\debug\自动学习.obj
h:\surface\prog\ggchessgui\x64\debug\自动用引擎校验局面.obj
h:\surface\prog\ggchessgui\x64\debug\菜单.obj
h:\surface\prog\ggchessgui\x64\debug\让引擎思考.obj
h:\surface\prog\ggchessgui\x64\debug\让引擎进入后台.obj
h:\surface\prog\ggchessgui\x64\debug\象眼引擎.obj
h:\surface\prog\ggchessgui\x64\debug\ggchess.ilk
h:\surface\prog\ggchessgui\x64\debug\ggchess.res
h:\surface\prog\ggchessgui\x64\debug\ggchess.pdb
h:\surface\prog\ggchessgui\x64\debug\vc141.pdb
h:\surface\prog\ggchessgui\x64\debug\ggchess.exe
